<?xml version="1.0" encoding="utf-8"?><testsuites name="pytest tests"><testsuite name="pytest" errors="0" failures="2" skipped="0" tests="27" time="14.722" timestamp="2026-06-21T15:37:03.952903+00:00" hostname="agent-env-e3ee1488-212f-4cf1-b241-f8088e1e6f89"><testcase classname="backend.tests.test_cybervault.TestHealth" name="test_root" time="0.357" /><testcase classname="backend.tests.test_cybervault.TestHealth" name="test_cors_preflight" time="0.068"><failure message="AssertionError: assert '' == 'true'&#10;  &#10;  - true">backend/tests/test_cybervault.py:69: in test_cors_preflight
    assert r.headers.get("access-control-allow-credentials", "").lower() == "true"
E   AssertionError: assert '' == 'true'
E     
E     - true</failure></testcase><testcase classname="backend.tests.test_cybervault.TestAuth" name="test_register_and_me" time="0.405" /><testcase classname="backend.tests.test_cybervault.TestAuth" name="test_register_duplicate" time="0.380" /><testcase classname="backend.tests.test_cybervault.TestAuth" name="test_login_admin" time="0.342" /><testcase classname="backend.tests.test_cybervault.TestAuth" name="test_me_unauth" time="0.138" /><testcase classname="backend.tests.test_cybervault.TestAuth" name="test_logout" time="0.465" /><testcase classname="backend.tests.test_cybervault.TestAuth" name="test_wrong_password_then_brute_force" time="2.010"><failure message="AssertionError: Expected 429 lockout but got: [401, 401, 401, 401, 401, 401]&#10;assert 429 in [401, 401, 401, 401, 401, 401]">backend/tests/test_cybervault.py:129: in test_wrong_password_then_brute_force
    assert 429 in codes, f"Expected 429 lockout but got: {codes}"
E   AssertionError: Expected 429 lockout but got: [401, 401, 401, 401, 401, 401]
E   assert 429 in [401, 401, 401, 401, 401, 401]</failure></testcase><testcase classname="backend.tests.test_cybervault.TestListings" name="test_listings_active" time="0.096" /><testcase classname="backend.tests.test_cybervault.TestListings" name="test_listings_filter_platform" time="0.128" /><testcase classname="backend.tests.test_cybervault.TestListings" name="test_listings_filter_category" time="0.131" /><testcase classname="backend.tests.test_cybervault.TestListings" name="test_featured" time="0.161" /><testcase classname="backend.tests.test_cybervault.TestListings" name="test_listing_detail_has_seller_and_reviews" time="0.183" /><testcase classname="backend.tests.test_cybervault.TestListings" name="test_create_listing_unauth" time="0.103" /><testcase classname="backend.tests.test_cybervault.TestListings" name="test_create_listing_authed" time="0.417" /><testcase classname="backend.tests.test_cybervault.TestListings" name="test_pause_listing" time="0.479" /><testcase classname="backend.tests.test_cybervault.TestEscrow" name="test_full_escrow_flow" time="1.558" /><testcase classname="backend.tests.test_cybervault.TestReviews" name="test_review_after_completion" time="0.421" /><testcase classname="backend.tests.test_cybervault.TestReviews" name="test_review_uncompleted_order" time="1.045" /><testcase classname="backend.tests.test_cybervault.TestChat" name="test_chat_flow_and_forbidden" time="1.221" /><testcase classname="backend.tests.test_cybervault.TestDispute" name="test_dispute_by_buyer" time="1.061" /><testcase classname="backend.tests.test_cybervault.TestWallet" name="test_deposit_and_history" time="0.472" /><testcase classname="backend.tests.test_cybervault.TestAdmin" name="test_admin_stats" time="0.401" /><testcase classname="backend.tests.test_cybervault.TestAdmin" name="test_admin_orders_filter_disputed" time="0.045" /><testcase classname="backend.tests.test_cybervault.TestAdmin" name="test_admin_forbidden_for_non_admin" time="0.366" /><testcase classname="backend.tests.test_cybervault.TestAdmin" name="test_admin_resolve_refund" time="0.687" /><testcase classname="backend.tests.test_cybervault.TestSeed" name="test_seeded_accounts_exist" time="1.363" /></testsuite></testsuites>